#
#
#
#
#
#    Don't try viewing this report without a plog-converter utility!!!
#
#    plog-converter -a GA:1,2 -t tasklist -o report.tasks /path/to/this/file.log
#
#    A link to the documentation: https://www.viva64.com/en/m/0036/
#
#
#
#
#
d99cf3ba-6fcd-43f9-9260-1179fa3a9bed
r-vUVbw<6y|D3 h22y|D3xJ*y|D3(g=ua=(v2U_-=2UvUjU 8>8v(F8'hPu>o=(M'8_u(6Uoa-/(6Uoa-/(Fu ->-o-8>}Lkky|D3uaa8ay|D3rVVXy|D3,Luauc-=c>8c=u>=uc->cou=o->jcoLucNvU2huNck8->ouacUjU->=oc>h22EcU=coLucPuP8afc]U=cU228'Uou_ch=->jcoLucN>u]Nc8kuaUo8a}c,Lucu/'uko-8>c]-22c9ucju>uaUou_c->coLuc'U=uc8 cPuP8afcU228'Uo-8>cuaa8a}y|D3 U2=uy|D3*y|D3ccccvU2hucmc>u]c,e\<c+c!.oa->jQhP9ua"ny|D3ccccU==uao;vU2huc&mcQg@@^ny|D3cccc 8ac;->oc-cmcSnc-cyc.oa->jQhP9uanc-tt^y|D3y|D3{4<w[Gx
r-vUVbw<6y|D3 h22y|D3xJGy|D3(g=ua=(v2U_-=2UvUjU 8>8v(F8'hPu>o=(M'8_u(6Uoa-/(6Uoa-/(Fu ->-o-8>}Lkky|D3uaa8ay|D3rVVXy|D3,Luauc-=c>8c=u>=uc->cou=o->jcoLucNvU2hu!-"Nck8->ouacUjU->=oc>h22EcU=coLucPuP8afc]U=cU228'Uou_ch=->jcoLucN>u]Nc8kuaUo8a}c,Lucu/'uko-8>c]-22c9ucju>uaUou_c->coLuc'U=uc8 cPuP8afcU228'Uo-8>cuaa8a}y|D3 U2=uy|D3*y|D3ccccccccvU2hu!-"cmc>u]c,e\<c!{82hP>QhP9ua"ny|D3ccccccccU==uao;vU2hu!-"c&mcQg@@^ny|D3ccccBy|D3y|D3{4<w[Gx
r-vUVbw<6y|D3 h22y|D3JiSy|D3(g=ua=(v2U_-=2UvUjU 8>8v(F8'hPu>o=(M'8_u(6Uoa-/(6Uoa-/(Fu ->-o-8>}Lkky|D3uaa8ay|D3r[VSy|D3$ckUaoc8 c'8>_-o-8>U2cu/kau==-8>c-=cU2]Uf=c U2=u%c;,uPk?houacmmcKK>h22^}y|D3 U2=uy|D3Jy|D3cccccccccccc,uPk1>>uacmc=oUo-'K'U=oycr+c3c;cauU228';,Uajuo}vU2hu!-"Ec=-:u8 ;r^c+c>u]{82hP>QhP9ua^c^ny|D3cccccccccccc- c;;,uPk1>>uammQg@@^cppc;,uPk?houammQg@@^^y|D3ccccccccccccdy|D3y|D3{4<w[GS
r-vUVbw<6y|D3 h22y|D3*SSy|D3(g=ua=(v2U_-=2UvUjU 8>8v(F8'hPu>o=(M'8_u(6Uoa-/(6Uoa-/(Fu ->-o-8>}Lkky|D3uaa8ay|D3r[VSy|D3$ckUaoc8 c'8>_-o-8>U2cu/kau==-8>c-=cU2]Uf=c U2=u%c;,uPk?houacmmcKK>h22^}y|D3 U2=uy|D3Jy|D3cccccccccccc,uPk1>>uacmc=oUo-'K'U=oycr+c3c;cPU228';=-:u8 ;r^c+c>u]{82hP>QhP9ua^c^ny|D3cccccccccccc- c;;,uPk1>>uammQg@@^cppc;,uPk?houammQg@@^^y|D3ccccccccccccdy|D3y|D3{4<w[GS
r-vUVbw<6y|D3 h22y|D3GJiy|D3(g=ua=(v2U_-=2UvUjU 8>8v(F8'hPu>o=(M'8_u(6Uoa-/(6Uoa-/(Fu ->-o-8>}Lkky|D3uaa8ay|D3r[[Sy|D3$>c8__ckau'-=uc'8PkUa-=8>%c28'U2FuocmmcS}c1oN=cka89U92fc9uoouaco8ch=ucUc'8PkUa-=8>c]-oLc_u ->u_ckau'-=-8>%c U9=;$cwcO^cyc<k=-28>}y|D3 U2=uy|D3*y|D3cccc_8h92uc28'U2FuocmcoL-=w3_uouaP->U>o,a-U>j2Q8o.U u;^ny|D3cccc- c;28'U2FuocmmcS^y|D3ccccdy|D3y|D3{4<wVXJ
r-vUVbw<6y|D3 h22y|D3XS*y|D3(g=ua=(v2U_-=2UvUjU 8>8v(F8'hPu>o=(M'8_u(6Uoa-/(6Uoa-/(Fu ->-o-8>}Lkky|D3uaa8ay|D3r[[Sy|D3$>c8__ckau'-=uc'8PkUa-=8>%coL-=w3_uouaP->U>o1>o;^cmmcS}c1oN=cka89U92fc9uoouaco8ch=ucUc'8PkUa-=8>c]-oLc_u ->u_ckau'-=-8>%c U9=;$cwcO^cyc<k=-28>}y|D3 U2=uy|D3*y|D3ccccy|D3cccc- c;oL-=w3_uouaP->U>o1>o;^cmmcS^y|D3ccccdy|D3y|D3{4<wVXJ
r-vUVbw<6y|D3 h22y|D3xJVy|D3(g=ua=(v2U_-=2UvUjU 8>8v(F8'hPu>o=(M'8_u(6Uoa-/(6Uoa-/(PU->}'kky|D3uaa8ay|D3rGbiy|D3Fu=oah'o8ac8 coLucN6f6Uoa-/xNc895u'oc]-22c9uc->v8su_cUc=u'8>_co-PucU ouac2uUv->jcoLuc895u'oN=c='8ku}y|D3 U2=uy|D3xy|D3ccccy|D3cccc6f6Uoa-/x}D6Uoa-/;^ny|D3ccccCu=h2o}D6Uoa-/;^ny|D3y|D3{4<wVG[
r-vUVbw<6y|D3 h22y|D3xJGy|D3(g=ua=(v2U_-=2UvUjU 8>8v(F8'hPu>o=(M'8_u(6Uoa-/(6Uoa-/(PU->}'kky|D3uaa8ay|D3rGbiy|D3Fu=oah'o8ac8 coLucNCu=h2oNc895u'oc]-22c9uc->v8su_cUc=u'8>_co-PucU ouac2uUv->jcoLuc895u'oN=c='8ku}y|D3 U2=uy|D3xy|D3cccc6f6Uoa-/x}D6Uoa-/;^ny|D3ccccCu=h2o}D6Uoa-/;^ny|D3cccc6f6Uoa-/}D6Uoa-/;^ny|D3y|D3{4<wVG[
r-vUVbw<6y|D3 h22y|D3xJXy|D3(g=ua=(v2U_-=2UvUjU 8>8v(F8'hPu>o=(M'8_u(6Uoa-/(6Uoa-/(PU->}'kky|D3uaa8ay|D3rGbiy|D3Fu=oah'o8ac8 coLucN6f6Uoa-/Nc895u'oc]-22c9uc->v8su_cUc=u'8>_co-PucU ouac2uUv->jcoLuc895u'oN=c='8ku}y|D3 U2=uy|D3xy|D3ccccCu=h2o}D6Uoa-/;^ny|D3cccc6f6Uoa-/}D6Uoa-/;^ny|D3ccccauoha>cSny|D3y|D3{4<wVG[
